<?xml version="1.0" encoding="utf-8"?><testsuites name="pytest tests"><testsuite name="pytest" errors="0" failures="0" skipped="0" tests="13" time="3.235" timestamp="2026-06-28T23:08:50.199999+00:00" hostname="agent-env-7aa42aff-ea38-4d54-9a3b-9714461734c7"><testcase classname="tests.test_artist_vault.TestSpotsFlow" name="test_full_spot_unspot_vault_stats" time="2.113" /><testcase classname="tests.test_artist_vault.TestAuth" name="test_admin_login" time="0.390" /><testcase classname="tests.test_artist_vault.TestAuth" name="test_register_duplicate_email_fails" time="0.527" /><testcase classname="tests.test_artist_vault.TestAuth" name="test_login_invalid_password" time="0.270" /><testcase classname="tests.test_artist_vault.TestAuth" name="test_me_with_bearer" time="0.045" /><testcase classname="tests.test_artist_vault.TestAuth" name="test_me_without_token_401" time="0.126" /><testcase classname="tests.test_artist_vault.TestAuth" name="test_logout_endpoint" time="0.042" /><testcase classname="tests.test_artist_vault.TestArtists" name="test_list_artists_public" time="0.136" /><testcase classname="tests.test_artist_vault.TestArtists" name="test_artists_with_bearer_returns_spotted_status" time="0.107" /><testcase classname="tests.test_artist_vault.TestRoot" name="test_api_root" time="0.051" /><testcase classname="tests.test_artist_vault.TestLeaderboard" name="test_leaderboard_public" time="0.107" /><testcase classname="tests.test_artist_vault.TestSpotsFlow" name="test_spot_requires_auth" time="0.209" /><testcase classname="tests.test_artist_vault.TestSpotsFlow" name="test_spot_nonexistent_artist" time="0.370" /></testsuite></testsuites>